<?xml version="1.0" encoding="UTF-8"?>
<testng-results ignored="0" total="2" passed="2" failed="0" skipped="0">
  <reporter-output>
  </reporter-output>
  <suite started-at="2025-11-28T12:36:55 IST" name="Suite" finished-at="2025-11-28T12:37:15 IST" duration-ms="20089">
    <groups>
      <group name="Master">
        <method signature="LoginTC.verify_login()[pri:0, instance:testCases.LoginTC@246f8b8b]" name="verify_login" class="testCases.LoginTC"/>
        <method signature="Testcase.verify_acc_page()[pri:0, instance:testCases.Testcase@3381b4fc]" name="verify_acc_page" class="testCases.Testcase"/>
      </group> <!-- Master -->
      <group name="Sanity">
        <method signature="LoginTC.verify_login()[pri:0, instance:testCases.LoginTC@246f8b8b]" name="verify_login" class="testCases.LoginTC"/>
      </group> <!-- Sanity -->
      <group name="Regression">
        <method signature="Testcase.verify_acc_page()[pri:0, instance:testCases.Testcase@3381b4fc]" name="verify_acc_page" class="testCases.Testcase"/>
      </group> <!-- Regression -->
    </groups>
    <test started-at="2025-11-28T12:36:55 IST" name="Test" finished-at="2025-11-28T12:37:15 IST" duration-ms="20089">
      <class name="testCases.LoginTC">
        <test-method is-config="true" signature="setup(java.lang.String,java.lang.String)[pri:0, instance:testCases.LoginTC@246f8b8b]" started-at="2025-11-28T12:36:56 IST" name="setup" finished-at="2025-11-28T12:37:03 IST" duration-ms="7543" status="PASS">
          <params>
            <param index="0">
              <value>
                <![CDATA[Windows]]>
              </value>
            </param>
            <param index="1">
              <value>
                <![CDATA[chrome]]>
              </value>
            </param>
          </params>
          <reporter-output>
          </reporter-output>
        </test-method> <!-- setup -->
        <test-method signature="verify_login()[pri:0, instance:testCases.LoginTC@246f8b8b]" started-at="2025-11-28T12:37:03 IST" name="verify_login" finished-at="2025-11-28T12:37:05 IST" duration-ms="1929" status="PASS">
          <reporter-output>
          </reporter-output>
        </test-method> <!-- verify_login -->
        <test-method is-config="true" signature="tearDown()[pri:0, instance:testCases.LoginTC@246f8b8b]" started-at="2025-11-28T12:37:05 IST" name="tearDown" finished-at="2025-11-28T12:37:05 IST" duration-ms="1" status="PASS">
          <reporter-output>
          </reporter-output>
        </test-method> <!-- tearDown -->
      </class> <!-- testCases.LoginTC -->
      <class name="testCases.Testcase">
        <test-method is-config="true" signature="setup(java.lang.String,java.lang.String)[pri:0, instance:testCases.Testcase@3381b4fc]" started-at="2025-11-28T12:37:05 IST" name="setup" finished-at="2025-11-28T12:37:12 IST" duration-ms="7154" status="PASS">
          <params>
            <param index="0">
              <value>
                <![CDATA[Windows]]>
              </value>
            </param>
            <param index="1">
              <value>
                <![CDATA[chrome]]>
              </value>
            </param>
          </params>
          <reporter-output>
          </reporter-output>
        </test-method> <!-- setup -->
        <test-method signature="verify_acc_page()[pri:0, instance:testCases.Testcase@3381b4fc]" started-at="2025-11-28T12:37:12 IST" name="verify_acc_page" finished-at="2025-11-28T12:37:15 IST" duration-ms="2913" status="PASS">
          <reporter-output>
          </reporter-output>
        </test-method> <!-- verify_acc_page -->
        <test-method is-config="true" signature="tearDown()[pri:0, instance:testCases.Testcase@3381b4fc]" started-at="2025-11-28T12:37:15 IST" name="tearDown" finished-at="2025-11-28T12:37:15 IST" duration-ms="1" status="PASS">
          <reporter-output>
          </reporter-output>
        </test-method> <!-- tearDown -->
      </class> <!-- testCases.Testcase -->
    </test> <!-- Test -->
  </suite> <!-- Suite -->
</testng-results>
